No configuration for route "/news/:changelog" found. Skipping
Puppeteer error while rendering "/verify-email-address"
TimeoutError: Navigation timeout of 30000 ms exceeded
 we will retry rendering this page up to 3 times.
Puppeteer error while rendering "/verify-email-address"
TimeoutError: Navigation timeout of 30000 ms exceeded
 we will retry rendering this page up to 3 times.
Puppeteer error while rendering "/verify-email-address"
TimeoutError: Navigation timeout of 30000 ms exceeded
 we will retry rendering this page up to 3 times.

----------------------------------
Using stored unhandled routes!.
   To discover new routes in the angular app use "npm run scully -- --scanRoutes"
----------------------------------No configuration for route "/news/:changelog" found. Skipping

Puppeteer error while rendering "/verify-email-address"
TimeoutError: Navigation timeout of 30000 ms exceeded
 we will retry rendering this page up to 3 times.
Puppeteer error while rendering "/verify-email-address"
TimeoutError: Navigation timeout of 30000 ms exceeded
 we will retry rendering this page up to 3 times.
Puppeteer error while rendering "/verify-email-address"
TimeoutError: Navigation timeout of 30000 ms exceeded
 we will retry rendering this page up to 3 times.

----------------------------------
Using stored unhandled routes!.
   To discover new routes in the angular app use "npm run scully -- --scanRoutes"
----------------------------------No configuration for route "/news/:changelog" found. Skipping

Puppeteer error while rendering "/verify-email-address"
TimeoutError: Navigation timeout of 30000 ms exceeded
 we will retry rendering this page up to 3 times.
Puppeteer error while rendering "/verify-email-address"
TimeoutError: Navigation timeout of 30000 ms exceeded
 we will retry rendering this page up to 3 times.
Puppeteer error while rendering "/verify-email-address"
TimeoutError: Navigation timeout of 30000 ms exceeded
 we will retry rendering this page up to 3 times.

----------------------------------
Using stored unhandled routes!.
   To discover new routes in the angular app use "npm run scully -- --scanRoutes"
----------------------------------No configuration for route "/news/:changelog" found. Skipping

Puppeteer error while rendering "/sign-in"
TimeoutError: Navigation timeout of 30000 ms exceeded
 we will retry rendering this page up to 3 times.
Puppeteer error while rendering "/verify-email-address"
TimeoutError: Navigation timeout of 30000 ms exceeded
 we will retry rendering this page up to 3 times.
Puppeteer error while rendering "/sign-in"
TimeoutError: Navigation timeout of 30000 ms exceeded
 we will retry rendering this page up to 3 times.
Puppeteer error while rendering "/verify-email-address"
TimeoutError: Navigation timeout of 30000 ms exceeded
 we will retry rendering this page up to 3 times.
Puppeteer error while rendering "/sign-in"
TimeoutError: Navigation timeout of 30000 ms exceeded
 we will retry rendering this page up to 3 times.
Puppeteer error while rendering "/verify-email-address"
TimeoutError: Navigation timeout of 30000 ms exceeded
 we will retry rendering this page up to 3 times.

----------------------------------
Using stored unhandled routes!.
   To discover new routes in the angular app use "npm run scully -- --scanRoutes"
----------------------------------No configuration for route "/news/:changelog" found. Skipping

Puppeteer error while rendering "/verify-email-address"
TimeoutError: Navigation timeout of 30000 ms exceeded
 we will retry rendering this page up to 3 times.Puppeteer error while rendering "/sign-in"
TimeoutError: Navigation timeout of 30000 ms exceeded
 we will retry rendering this page up to 3 times.

Puppeteer error while rendering "/verify-email-address"
TimeoutError: Navigation timeout of 30000 ms exceeded
 we will retry rendering this page up to 3 times.
Puppeteer error while rendering "/sign-in"
TimeoutError: Navigation timeout of 30000 ms exceeded
 we will retry rendering this page up to 3 times.
Puppeteer error while rendering "/verify-email-address"
TimeoutError: Navigation timeout of 30000 ms exceeded
 we will retry rendering this page up to 3 times.Puppeteer error while rendering "/sign-in"
TimeoutError: Navigation timeout of 30000 ms exceeded
 we will retry rendering this page up to 3 times.


----------------------------------
Using stored unhandled routes!.
   To discover new routes in the angular app use "npm run scully -- --scanRoutes"
----------------------------------No configuration for route "/news/:changelog" found. Skipping

Puppeteer error while rendering "/sign-in"
TimeoutError: Navigation timeout of 30000 ms exceeded
 we will retry rendering this page up to 3 times.Puppeteer error while rendering "/verify-email-address"
TimeoutError: Navigation timeout of 30000 ms exceeded
 we will retry rendering this page up to 3 times.

Puppeteer error while rendering "/sign-in"
TimeoutError: Navigation timeout of 30000 ms exceeded
 we will retry rendering this page up to 3 times.
Puppeteer error while rendering "/verify-email-address"
TimeoutError: Navigation timeout of 30000 ms exceeded
 we will retry rendering this page up to 3 times.
Puppeteer error while rendering "/sign-in"
TimeoutError: Navigation timeout of 30000 ms exceeded
 we will retry rendering this page up to 3 times.
Puppeteer error while rendering "/verify-email-address"
TimeoutError: Navigation timeout of 30000 ms exceeded
 we will retry rendering this page up to 3 times.

----------------------------------
Using stored unhandled routes!.
   To discover new routes in the angular app use "npm run scully -- --scanRoutes"
----------------------------------No configuration for route "/news/:changelog" found. Skipping

Puppeteer error while rendering "/sign-in"
TimeoutError: Navigation timeout of 30000 ms exceeded
 we will retry rendering this page up to 3 times.Puppeteer error while rendering "/verify-email-address"
TimeoutError: Navigation timeout of 30000 ms exceeded
 we will retry rendering this page up to 3 times.

  route: /sign-in. Try 1 failed with Error: timeout on /sign-in  route: /verify-email-address. Try 1 failed with Error: timeout on /verify-email-address

  route: /sign-in. Try 2 failed with Error: timeout on /sign-in  route: /verify-email-address. Try 2 failed with Error: timeout on /verify-email-address

  route: /sign-in. Try 3 failed with Error: timeout on /sign-in  route: /verify-email-address. Try 3 failed with Error: timeout on /verify-email-address


----------------------------------
Using stored unhandled routes!.
   To discover new routes in the angular app use "npm run scully -- --scanRoutes"
----------------------------------No configuration for route "/news/:changelog" found. Skipping

Puppeteer error while rendering "/sign-in"
TimeoutError: Navigation timeout of 30000 ms exceeded
 we will retry rendering this page up to 3 times.Puppeteer error while rendering "/verify-email-address"
TimeoutError: Navigation timeout of 30000 ms exceeded
 we will retry rendering this page up to 3 times.

Puppeteer error while rendering "/sign-in"
TimeoutError: Navigation timeout of 30000 ms exceeded
 we will retry rendering this page up to 3 times.Puppeteer error while rendering "/verify-email-address"
TimeoutError: Navigation timeout of 30000 ms exceeded
 we will retry rendering this page up to 3 times.

Puppeteer error while rendering "/sign-in"
TimeoutError: Navigation timeout of 30000 ms exceeded
 we will retry rendering this page up to 3 times.
Puppeteer error while rendering "/verify-email-address"
TimeoutError: Navigation timeout of 30000 ms exceeded
 we will retry rendering this page up to 3 times.

----------------------------------
Using stored unhandled routes!.
   To discover new routes in the angular app use "npm run scully -- --scanRoutes"
----------------------------------No configuration for route "/news/:changelog" found. Skipping

Puppeteer error while rendering "/sign-in"
TimeoutError: Navigation timeout of 30000 ms exceeded
 we will retry rendering this page up to 3 times.Puppeteer error while rendering "/verify-email-address"
TimeoutError: Navigation timeout of 30000 ms exceeded
 we will retry rendering this page up to 3 times.

Puppeteer error while rendering "/sign-in"
TimeoutError: Navigation timeout of 30000 ms exceeded
 we will retry rendering this page up to 3 times.
Puppeteer error while rendering "/verify-email-address"
TimeoutError: Navigation timeout of 30000 ms exceeded
 we will retry rendering this page up to 3 times.
Puppeteer error while rendering "/sign-in"
TimeoutError: Navigation timeout of 30000 ms exceeded
 we will retry rendering this page up to 3 times.Puppeteer error while rendering "/verify-email-address"
TimeoutError: Navigation timeout of 30000 ms exceeded
 we will retry rendering this page up to 3 times.


----------------------------------
Using stored unhandled routes!.
   To discover new routes in the angular app use "npm run scully -- --scanRoutes"
----------------------------------No configuration for route "/news/:changelog" found. Skipping

Puppeteer error while rendering "/sign-in"
TimeoutError: Navigation timeout of 30000 ms exceeded
 we will retry rendering this page up to 3 times.Puppeteer error while rendering "/verify-email-address"
TimeoutError: Navigation timeout of 30000 ms exceeded
 we will retry rendering this page up to 3 times.

Puppeteer error while rendering "/sign-in"
TimeoutError: Navigation timeout of 30000 ms exceeded
 we will retry rendering this page up to 3 times.
Puppeteer error while rendering "/verify-email-address"
TimeoutError: Navigation timeout of 30000 ms exceeded
 we will retry rendering this page up to 3 times.
Puppeteer error while rendering "/sign-in"
TimeoutError: Navigation timeout of 30000 ms exceeded
 we will retry rendering this page up to 3 times.Puppeteer error while rendering "/verify-email-address"
TimeoutError: Navigation timeout of 30000 ms exceeded
 we will retry rendering this page up to 3 times.


----------------------------------
Using stored unhandled routes!.
   To discover new routes in the angular app use "npm run scully -- --scanRoutes"
----------------------------------No configuration for route "/news/:changelog" found. Skipping

Puppeteer error while rendering "/verify-email-address"
TimeoutError: Navigation timeout of 30000 ms exceeded
 we will retry rendering this page up to 3 times.Puppeteer error while rendering "/sign-in"
TimeoutError: Navigation timeout of 30000 ms exceeded
 we will retry rendering this page up to 3 times.

Puppeteer error while rendering "/verify-email-address"
TimeoutError: Navigation timeout of 30000 ms exceeded
 we will retry rendering this page up to 3 times.
Puppeteer error while rendering "/sign-in"
TimeoutError: Navigation timeout of 30000 ms exceeded
 we will retry rendering this page up to 3 times.
Puppeteer error while rendering "/verify-email-address"
TimeoutError: Navigation timeout of 30000 ms exceeded
 we will retry rendering this page up to 3 times.
Puppeteer error while rendering "/sign-in"
TimeoutError: Navigation timeout of 30000 ms exceeded
 we will retry rendering this page up to 3 times.

----------------------------------
Using stored unhandled routes!.
   To discover new routes in the angular app use "npm run scully -- --scanRoutes"
----------------------------------No configuration for route "/news/:changelog" found. Skipping

Puppeteer error while rendering "/sign-in"
TimeoutError: Navigation timeout of 30000 ms exceeded
 we will retry rendering this page up to 3 times.Puppeteer error while rendering "/verify-email-address"
TimeoutError: Navigation timeout of 30000 ms exceeded
 we will retry rendering this page up to 3 times.

Puppeteer error while rendering "/sign-in"
TimeoutError: Navigation timeout of 30000 ms exceeded
 we will retry rendering this page up to 3 times.
Puppeteer error while rendering "/verify-email-address"
TimeoutError: Navigation timeout of 30000 ms exceeded
 we will retry rendering this page up to 3 times.
Puppeteer error while rendering "/sign-in"
TimeoutError: Navigation timeout of 30000 ms exceeded
 we will retry rendering this page up to 3 times.
Puppeteer error while rendering "/verify-email-address"
TimeoutError: Navigation timeout of 30000 ms exceeded
 we will retry rendering this page up to 3 times.

----------------------------------
Using stored unhandled routes!.
   To discover new routes in the angular app use "npm run scully -- --scanRoutes"
----------------------------------No configuration for route "/news/:changelog" found. Skipping

Puppeteer error while rendering "/sign-in"
TimeoutError: Navigation timeout of 30000 ms exceeded
 we will retry rendering this page up to 3 times.Puppeteer error while rendering "/verify-email-address"
TimeoutError: Navigation timeout of 30000 ms exceeded
 we will retry rendering this page up to 3 times.

Puppeteer error while rendering "/sign-in"
TimeoutError: Navigation timeout of 30000 ms exceeded
 we will retry rendering this page up to 3 times.Puppeteer error while rendering "/verify-email-address"
TimeoutError: Navigation timeout of 30000 ms exceeded
 we will retry rendering this page up to 3 times.

Puppeteer error while rendering "/sign-in"
TimeoutError: Navigation timeout of 30000 ms exceeded
 we will retry rendering this page up to 3 times.Puppeteer error while rendering "/verify-email-address"
TimeoutError: Navigation timeout of 30000 ms exceeded
 we will retry rendering this page up to 3 times.


----------------------------------
Using stored unhandled routes!.
   To discover new routes in the angular app use "npm run scully -- --scanRoutes"
----------------------------------No configuration for route "/news/:changelog" found. Skipping

Puppeteer error while rendering "/verify-email-address"
TimeoutError: Navigation timeout of 30000 ms exceeded
 we will retry rendering this page up to 3 times.Puppeteer error while rendering "/sign-in"
TimeoutError: Navigation timeout of 30000 ms exceeded
 we will retry rendering this page up to 3 times.

Puppeteer error while rendering "/verify-email-address"
TimeoutError: Navigation timeout of 30000 ms exceeded
 we will retry rendering this page up to 3 times.Puppeteer error while rendering "/sign-in"
TimeoutError: Navigation timeout of 30000 ms exceeded
 we will retry rendering this page up to 3 times.

Puppeteer error while rendering "/verify-email-address"
TimeoutError: Navigation timeout of 30000 ms exceeded
 we will retry rendering this page up to 3 times.Puppeteer error while rendering "/sign-in"
TimeoutError: Navigation timeout of 30000 ms exceeded
 we will retry rendering this page up to 3 times.


----------------------------------
Using stored unhandled routes!.
   To discover new routes in the angular app use "npm run scully -- --scanRoutes"
----------------------------------No configuration for route "/news/:changelog" found. Skipping

Puppeteer error while rendering "/sign-in"
TimeoutError: Navigation timeout of 30000 ms exceeded
 we will retry rendering this page up to 3 times.Puppeteer error while rendering "/verify-email-address"
TimeoutError: Navigation timeout of 30000 ms exceeded
 we will retry rendering this page up to 3 times.

Puppeteer error while rendering "/sign-in"
TimeoutError: Navigation timeout of 30000 ms exceeded
 we will retry rendering this page up to 3 times.Puppeteer error while rendering "/verify-email-address"
TimeoutError: Navigation timeout of 30000 ms exceeded
 we will retry rendering this page up to 3 times.

Puppeteer error while rendering "/sign-in"
TimeoutError: Navigation timeout of 30000 ms exceeded
 we will retry rendering this page up to 3 times.Puppeteer error while rendering "/verify-email-address"
TimeoutError: Navigation timeout of 30000 ms exceeded
 we will retry rendering this page up to 3 times.


----------------------------------
Using stored unhandled routes!.
   To discover new routes in the angular app use "npm run scully -- --scanRoutes"
----------------------------------No configuration for route "/news/:changelog" found. Skipping

Puppeteer error while rendering "/sign-in"
TimeoutError: Navigation timeout of 30000 ms exceeded
 we will retry rendering this page up to 3 times.
Puppeteer error while rendering "/verify-email-address"
TimeoutError: Navigation timeout of 30000 ms exceeded
 we will retry rendering this page up to 3 times.
Puppeteer error while rendering "/sign-in"
TimeoutError: Navigation timeout of 30000 ms exceeded
 we will retry rendering this page up to 3 times.Puppeteer error while rendering "/verify-email-address"
TimeoutError: Navigation timeout of 30000 ms exceeded
 we will retry rendering this page up to 3 times.

Puppeteer error while rendering "/sign-in"
TimeoutError: Navigation timeout of 30000 ms exceeded
 we will retry rendering this page up to 3 times.Puppeteer error while rendering "/verify-email-address"
TimeoutError: Navigation timeout of 30000 ms exceeded
 we will retry rendering this page up to 3 times.


----------------------------------
Using stored unhandled routes!.
   To discover new routes in the angular app use "npm run scully -- --scanRoutes"
----------------------------------No configuration for route "/news/:changelog" found. Skipping

Puppeteer error while rendering "/sign-in"
TimeoutError: Navigation timeout of 30000 ms exceeded
 we will retry rendering this page up to 3 times.
Puppeteer error while rendering "/verify-email-address"
TimeoutError: Navigation timeout of 30000 ms exceeded
 we will retry rendering this page up to 3 times.
Puppeteer error while rendering "/sign-in"
TimeoutError: Navigation timeout of 30000 ms exceeded
 we will retry rendering this page up to 3 times.
Puppeteer error while rendering "/verify-email-address"
TimeoutError: Navigation timeout of 30000 ms exceeded
 we will retry rendering this page up to 3 times.
Puppeteer error while rendering "/sign-in"
TimeoutError: Navigation timeout of 30000 ms exceeded
 we will retry rendering this page up to 3 times.
Puppeteer error while rendering "/verify-email-address"
TimeoutError: Navigation timeout of 30000 ms exceeded
 we will retry rendering this page up to 3 times.

----------------------------------
Using stored unhandled routes!.
   To discover new routes in the angular app use "npm run scully -- --scanRoutes"
----------------------------------No configuration for route "/news/:changelog" found. Skipping

Puppeteer error while rendering "/sign-in"
TimeoutError: Navigation timeout of 30000 ms exceeded
 we will retry rendering this page up to 3 times.Puppeteer error while rendering "/verify-email-address"
TimeoutError: Navigation timeout of 30000 ms exceeded
 we will retry rendering this page up to 3 times.

Puppeteer error while rendering "/sign-in"
TimeoutError: Navigation timeout of 30000 ms exceeded
 we will retry rendering this page up to 3 times.Puppeteer error while rendering "/verify-email-address"
TimeoutError: Navigation timeout of 30000 ms exceeded
 we will retry rendering this page up to 3 times.

Puppeteer error while rendering "/sign-in"
TimeoutError: Navigation timeout of 30000 ms exceeded
 we will retry rendering this page up to 3 times.Puppeteer error while rendering "/verify-email-address"
TimeoutError: Navigation timeout of 30000 ms exceeded
 we will retry rendering this page up to 3 times.

